app/build/outputs/logs/manifest-merger-release-report.txt
-- Merging decision tree log ---
manifest
ADDED from src\main\AndroidManifest.xml:2:1-126:12
INJECTED from src\main\AndroidManifest.xml:2:1-126:12
INJECTED from src\main\AndroidManifest.xml:2:1-126:12
INJECTED from src\main\AndroidManifest.xml:2:1-126:12
MERGED from [com.firebaseui:firebase-ui-auth:4.1.0] AndroidManifest.xml:2:1-114:12
MERGED from [com.android.support:design:28.0.0] AndroidManifest.xml:17:1-24:12
MERGED from [com.google.android.libraries.places:places:1.1.0] AndroidManifest.xml:2:1-26:12
MERGED from [me.zhanghai.android.materialprogressbar:library:1.4.2] AndroidManifest.xml:6:1-16:12
MERGED from [com.facebook.android:facebook-android-sdk:4.40.0] AndroidManifest.xml:21:1-31:12
MERGED from [com.facebook.android:facebook-login:4.40.0] AndroidManifest.xml:21:1-31:12
MERGED from [com.facebook.android:facebook-share:4.40.0] AndroidManifest.xml:21:1-31:12
MERGED from [com.facebook.android:facebook-common:4.40.0] AndroidManifest.xml:21:1-37:12
MERGED from [com.android.support:appcompat-v7:28.0.0] AndroidManifest.xml:17:1-22:12
MERGED from [com.android.support.constraint:constraint-layout:1.1.3] AndroidManifest.xml:2:1-11:12
MERGED from [com.android.support:animated-vector-drawable:28.0.0] AndroidManifest.xml:17:1-22:12
MERGED from [com.android.support:support-vector-drawable:28.0.0] AndroidManifest.xml:17:1-22:12
MERGED from [com.google.firebase:firebase-auth:16.2.0] AndroidManifest.xml:17:1-42:12
MERGED from [com.google.android.gms:play-services-auth:16.0.1] AndroidManifest.xml:17:1-39:12
MERGED from [com.google.firebase:firebase-database:16.1.0] AndroidManifest.xml:15:1-36:12
MERGED from [com.google.firebase:firebase-config:16.4.1] AndroidManifest.xml:2:1-15:12
MERGED from [com.google.android.gms:play-services-flags:16.0.1] AndroidManifest.xml:17:1-22:12
MERGED from [com.google.firebase:firebase-auth-interop:16.0.1] AndroidManifest.xml:2:1-10:12
MERGED from [com.google.android.gms:play-services-auth-api-phone:16.0.0] AndroidManifest.xml:2:1-7:12
MERGED from [com.google.android.gms:play-services-auth-base:16.0.0] AndroidManifest.xml:2:1-7:12
MERGED from [com.google.firebase:firebase-abt:17.1.0] AndroidManifest.xml:2:1-15:12
MERGED from [com.google.firebase:firebase-iid:17.0.3] AndroidManifest.xml:17:1-59:12
MERGED from [com.google.firebase:firebase-common:16.1.0] AndroidManifest.xml:2:1-19:12
MERGED from [com.google.android.gms:play-services-clearcut:16.0.0] AndroidManifest.xml:17:1-24:12
MERGED from [com.google.android.gms:play-services-location:16.0.0] AndroidManifest.xml:2:1-9:12
MERGED from [com.google.android.gms:play-services-maps:16.1.0] AndroidManifest.xml:17:1-38:12
MERGED from [com.google.firebase:firebase-iid-interop:16.0.1] AndroidManifest.xml:2:1-10:12
MERGED from [com.google.android.gms:play-services-phenotype:16.0.0] AndroidManifest.xml:17:1-24:12
MERGED from [com.google.android.gms:play-services-base:16.1.0] AndroidManifest.xml:17:1-29:12
MERGED from [com.google.android.gms:play-services-tasks:16.0.1] AndroidManifest.xml:2:1-9:12
MERGED from [com.google.firebase:firebase-measurement-connector:17.0.1] AndroidManifest.xml:17:1-25:12
MERGED from [com.google.android.gms:play-services-stats:16.0.1] AndroidManifest.xml:2:1-9:12
MERGED from [com.google.android.gms:play-services-places-placereport:16.0.0] AndroidManifest.xml:17:1-24:12
MERGED from [com.google.android.gms:play-services-basement:16.2.0] AndroidManifest.xml:17:1-28:12
MERGED from [com.android.support:support-v4:28.0.0] AndroidManifest.xml:17:1-22:12
MERGED from [com.android.support:recyclerview-v7:28.0.0] AndroidManifest.xml:17:1-22:12
MERGED from [com.android.volley:volley:1.1.1] AndroidManifest.xml:2:1-11:12
MERGED from [com.squareup.picasso:picasso:2.71828] AndroidManifest.xml:2:1-14:12
MERGED from [com.nabinbhandari.android:permissions:3.8] AndroidManifest.xml:2:1-17:12
MERGED from [com.android.support:multidex:1.0.2] AndroidManifest.xml:17:1-22:12
MERGED from [android.arch.lifecycle:extensions:1.1.1] AndroidManifest.xml:17:1-30:12
MERGED from [com.android.support:support-fragment:28.0.0] AndroidManifest.xml:17:1-22:12
MERGED from [com.android.support:customtabs:27.1.1] AndroidManifest.xml:17:1-22:12
MERGED from [com.android.support:support-core-ui:28.0.0] AndroidManifest.xml:17:1-22:12
MERGED from [com.facebook.android:facebook-places:4.40.0] AndroidManifest.xml:21:1-31:12
MERGED from [com.facebook.android:facebook-applinks:4.40.0] AndroidManifest.xml:21:1-31:12
MERGED from [com.facebook.android:facebook-messenger:4.40.0] AndroidManifest.xml:21:1-31:12
MERGED from [com.facebook.android:facebook-marketing:4.40.0] AndroidManifest.xml:21:1-35:12
MERGED from [com.facebook.android:facebook-core:4.40.0] AndroidManifest.xml:21:1-53:12
MERGED from [com.android.support:support-core-utils:28.0.0] AndroidManifest.xml:17:1-22:12
MERGED from [com.android.support:transition:28.0.0] AndroidManifest.xml:17:1-22:12
MERGED from [com.android.support:support-media-compat:28.0.0] AndroidManifest.xml:17:1-22:12
MERGED from [com.android.support:loader:28.0.0] AndroidManifest.xml:17:1-22:12
MERGED from [com.android.support:viewpager:28.0.0] AndroidManifest.xml:17:1-22:12
MERGED from [com.android.support:coordinatorlayout:28.0.0] AndroidManifest.xml:17:1-22:12
MERGED from [com.android.support:drawerlayout:28.0.0] AndroidManifest.xml:17:1-22:12
MERGED from [com.android.support:slidingpanelayout:28.0.0] AndroidManifest.xml:17:1-22:12
MERGED from [com.android.support:customview:28.0.0] AndroidManifest.xml:17:1-22:12
MERGED from [com.android.support:swiperefreshlayout:28.0.0] AndroidManifest.xml:17:1-22:12
MERGED from [com.android.support:asynclayoutinflater:28.0.0] AndroidManifest.xml:17:1-22:12
MERGED from [com.android.support:support-compat:28.0.0] AndroidManifest.xml:17:1-24:12
MERGED from [com.android.support:versionedparcelable:28.0.0] AndroidManifest.xml:17:1-25:12
MERGED from [com.android.support:cursoradapter:28.0.0] AndroidManifest.xml:17:1-22:12
MERGED from [com.android.support:cardview-v7:28.0.0] AndroidManifest.xml:17:1-22:12
MERGED from [com.android.support:exifinterface:27.1.0] AndroidManifest.xml:17:1-22:12
MERGED from [android.arch.lifecycle:runtime:1.1.1] AndroidManifest.xml:17:1-22:12
MERGED from [com.android.support:documentfile:28.0.0] AndroidManifest.xml:17:1-22:12
MERGED from [com.android.support:localbroadcastmanager:28.0.0] AndroidManifest.xml:17:1-22:12
MERGED from [com.android.support:print:28.0.0] AndroidManifest.xml:17:1-22:12
MERGED from [android.arch.lifecycle:viewmodel:1.1.1] AndroidManifest.xml:17:1-22:12
MERGED from [com.android.support:interpolator:28.0.0] AndroidManifest.xml:17:1-22:12
MERGED from [android.arch.lifecycle:livedata:1.1.1] AndroidManifest.xml:17:1-22:12
MERGED from [android.arch.lifecycle:livedata-core:1.1.1] AndroidManifest.xml:17:1-22:12
MERGED from [android.arch.core:runtime:1.1.1] AndroidManifest.xml:17:1-22:12
MERGED from [com.github.bumptech.glide:glide:4.3.1] AndroidManifest.xml:2:1-12:12
MERGED from [com.google.firebase:firebase-database-collection:16.0.1] AndroidManifest.xml:2:1-7:12
INJECTED from src\main\AndroidManifest.xml:2:1-126:12
INJECTED from src\main\AndroidManifest.xml:2:1-126:12
INJECTED from src\main\AndroidManifest.xml:2:1-126:12
	package
		ADDED from src\main\AndroidManifest.xml:3:5-33
		INJECTED from src\main\AndroidManifest.xml
		INJECTED from src\main\AndroidManifest.xml
	android:versionName
		INJECTED from src\main\AndroidManifest.xml
		ADDED from src\main\AndroidManifest.xml:2:1-126:12
		INJECTED from src\main\AndroidManifest.xml
	android:versionCode
		INJECTED from src\main\AndroidManifest.xml
		ADDED from src\main\AndroidManifest.xml:2:1-126:12
		INJECTED from src\main\AndroidManifest.xml
	xmlns:android
		ADDED from src\main\AndroidManifest.xml:2:11-69
uses-permission#android.permission.ACCESS_FINE_LOCATION
ADDED from src\main\AndroidManifest.xml:5:5-79
MERGED from [com.google.android.libraries.places:places:1.1.0] AndroidManifest.xml:9:5-79
MERGED from [com.google.android.libraries.places:places:1.1.0] AndroidManifest.xml:9:5-79
	android:name
		ADDED from src\main\AndroidManifest.xml:5:22-76
uses-permission#android.permission.INTERNET
ADDED from src\main\AndroidManifest.xml:6:5-67
MERGED from [com.firebaseui:firebase-ui-auth:4.1.0] AndroidManifest.xml:13:5-67
MERGED from [com.firebaseui:firebase-ui-auth:4.1.0] AndroidManifest.xml:13:5-67
MERGED from [com.google.android.libraries.places:places:1.1.0] AndroidManifest.xml:11:5-67
MERGED from [com.google.android.libraries.places:places:1.1.0] AndroidManifest.xml:11:5-67
MERGED from [com.google.firebase:firebase-database:16.1.0] AndroidManifest.xml:26:5-67
MERGED from [com.google.firebase:firebase-database:16.1.0] AndroidManifest.xml:26:5-67
MERGED from [com.google.firebase:firebase-iid:17.0.3] AndroidManifest.xml:23:5-67
MERGED from [com.google.firebase:firebase-iid:17.0.3] AndroidManifest.xml:23:5-67
MERGED from [com.google.android.gms:play-services-maps:16.1.0] AndroidManifest.xml:24:5-67
MERGED from [com.google.android.gms:play-services-maps:16.1.0] AndroidManifest.xml:24:5-67
	android:name
		ADDED from src\main\AndroidManifest.xml:6:22-64
uses-permission#android.permission.ACCESS_NETWORK_STATE
ADDED from src\main\AndroidManifest.xml:7:5-79
MERGED from [com.firebaseui:firebase-ui-auth:4.1.0] AndroidManifest.xml:12:5-79
MERGED from [com.firebaseui:firebase-ui-auth:4.1.0] AndroidManifest.xml:12:5-79
MERGED from [com.google.firebase:firebase-database:16.1.0] AndroidManifest.xml:25:5-79
MERGED from [com.google.firebase:firebase-database:16.1.0] AndroidManifest.xml:25:5-79
MERGED from [com.google.firebase:firebase-iid:17.0.3] AndroidManifest.xml:22:5-79
MERGED from [com.google.firebase:firebase-iid:17.0.3] AndroidManifest.xml:22:5-79
MERGED from [com.google.android.gms:play-services-maps:16.1.0] AndroidManifest.xml:23:5-79
MERGED from [com.google.android.gms:play-services-maps:16.1.0] AndroidManifest.xml:23:5-79
	android:name
		ADDED from src\main\AndroidManifest.xml:7:22-76
uses-permission#android.permission.WRITE_EXTERNAL_STORAGE
ADDED from src\main\AndroidManifest.xml:8:5-81
	android:name
		ADDED from src\main\AndroidManifest.xml:8:22-78
uses-permission#android.permission.ACCESS_COARSE_LOCATION
ADDED from src\main\AndroidManifest.xml:9:5-81
	android:name
		ADDED from src\main\AndroidManifest.xml:9:22-78
uses-feature#android.hardware.location.network
ADDED from src\main\AndroidManifest.xml:11:5-13:36
	android:required
		ADDED from src\main\AndroidManifest.xml:13:9-33
	android:name
		ADDED from src\main\AndroidManifest.xml:12:9-57
uses-feature#android.hardware.location.gps
ADDED from src\main\AndroidManifest.xml:14:5-16:36
	android:required
		ADDED from src\main\AndroidManifest.xml:16:9-33
	android:name
		ADDED from src\main\AndroidManifest.xml:15:9-53
application
ADDED from src\main\AndroidManifest.xml:18:5-124:19
MERGED from [com.firebaseui:firebase-ui-auth:4.1.0] AndroidManifest.xml:15:5-112:19
MERGED from [com.firebaseui:firebase-ui-auth:4.1.0] AndroidManifest.xml:15:5-112:19
MERGED from [com.android.support:design:28.0.0] AndroidManifest.xml:22:5-20
MERGED from [com.android.support:design:28.0.0] AndroidManifest.xml:22:5-20
MERGED from [com.google.android.libraries.places:places:1.1.0] AndroidManifest.xml:13:5-24:19
MERGED from [com.google.android.libraries.places:places:1.1.0] AndroidManifest.xml:13:5-24:19
MERGED from [com.facebook.android:facebook-android-sdk:4.40.0] AndroidManifest.xml:28:5-29:19
MERGED from [com.facebook.android:facebook-android-sdk:4.40.0] AndroidManifest.xml:28:5-29:19
MERGED from [com.facebook.android:facebook-login:4.40.0] AndroidManifest.xml:28:5-29:19
MERGED from [com.facebook.android:facebook-login:4.40.0] AndroidManifest.xml:28:5-29:19
MERGED from [com.facebook.android:facebook-share:4.40.0] AndroidManifest.xml:28:5-29:19
MERGED from [com.facebook.android:facebook-share:4.40.0] AndroidManifest.xml:28:5-29:19
MERGED from [com.facebook.android:facebook-common:4.40.0] AndroidManifest.xml:28:5-35:19
MERGED from [com.facebook.android:facebook-common:4.40.0] AndroidManifest.xml:28:5-35:19
MERGED from [com.android.support.constraint:constraint-layout:1.1.3] AndroidManifest.xml:9:5-20
MERGED from [com.android.support.constraint:constraint-layout:1.1.3] AndroidManifest.xml:9:5-20
MERGED from [com.google.firebase:firebase-auth:16.2.0] AndroidManifest.xml:23:5-40:19
MERGED from [com.google.firebase:firebase-auth:16.2.0] AndroidManifest.xml:23:5-40:19
MERGED from [com.google.android.gms:play-services-auth:16.0.1] AndroidManifest.xml:22:5-37:19
MERGED from [com.google.android.gms:play-services-auth:16.0.1] AndroidManifest.xml:22:5-37:19
MERGED from [com.google.firebase:firebase-database:16.1.0] AndroidManifest.xml:28:5-34:19
MERGED from [com.google.firebase:firebase-database:16.1.0] AndroidManifest.xml:28:5-34:19
MERGED from [com.google.firebase:firebase-config:16.4.1] AndroidManifest.xml:7:5-13:19
MERGED from [com.google.firebase:firebase-config:16.4.1] AndroidManifest.xml:7:5-13:19
MERGED from [com.google.firebase:firebase-auth-interop:16.0.1] AndroidManifest.xml:7:5-8:19
MERGED from [com.google.firebase:firebase-auth-interop:16.0.1] AndroidManifest.xml:7:5-8:19
MERGED from [com.google.firebase:firebase-abt:17.1.0] AndroidManifest.xml:7:5-13:19
MERGED from [com.google.firebase:firebase-abt:17.1.0] AndroidManifest.xml:7:5-13:19
MERGED from [com.google.firebase:firebase-iid:17.0.3] AndroidManifest.xml:28:5-57:19
MERGED from [com.google.firebase:firebase-iid:17.0.3] AndroidManifest.xml:28:5-57:19
MERGED from [com.google.firebase:firebase-common:16.1.0] AndroidManifest.xml:11:5-17:19
MERGED from [com.google.firebase:firebase-common:16.1.0] AndroidManifest.xml:11:5-17:19
MERGED from [com.google.android.gms:play-services-clearcut:16.0.0] AndroidManifest.xml:22:5-20
MERGED from [com.google.android.gms:play-services-clearcut:16.0.0] AndroidManifest.xml:22:5-20
MERGED from [com.google.android.gms:play-services-location:16.0.0] AndroidManifest.xml:7:5-20
MERGED from [com.google.android.gms:play-services-location:16.0.0] AndroidManifest.xml:7:5-20
MERGED from [com.google.android.gms:play-services-maps:16.1.0] AndroidManifest.xml:30:5-36:19
MERGED from [com.google.android.gms:play-services-maps:16.1.0] AndroidManifest.xml:30:5-36:19
MERGED from [com.google.firebase:firebase-iid-interop:16.0.1] AndroidManifest.xml:7:5-8:19
MERGED from [com.google.firebase:firebase-iid-interop:16.0.1] AndroidManifest.xml:7:5-8:19
MERGED from [com.google.android.gms:play-services-phenotype:16.0.0] AndroidManifest.xml:22:5-20
MERGED from [com.google.android.gms:play-services-phenotype:16.0.0] AndroidManifest.xml:22:5-20
MERGED from [com.google.android.gms:play-services-base:16.1.0] AndroidManifest.xml:22:5-27:19
MERGED from [com.google.android.gms:play-services-base:16.1.0] AndroidManifest.xml:22:5-27:19
MERGED from [com.google.android.gms:play-services-tasks:16.0.1] AndroidManifest.xml:7:5-20
MERGED from [com.google.android.gms:play-services-tasks:16.0.1] AndroidManifest.xml:7:5-20
MERGED from [com.google.firebase:firebase-measurement-connector:17.0.1] AndroidManifest.xml:22:5-23:19
MERGED from [com.google.firebase:firebase-measurement-connector:17.0.1] AndroidManifest.xml:22:5-23:19
MERGED from [com.google.android.gms:play-services-stats:16.0.1] AndroidManifest.xml:7:5-20
MERGED from [com.google.android.gms:play-services-stats:16.0.1] AndroidManifest.xml:7:5-20
MERGED from [com.google.android.gms:play-services-places-placereport:16.0.0] AndroidManifest.xml:22:5-20
MERGED from [com.google.android.gms:play-services-places-placereport:16.0.0] AndroidManifest.xml:22:5-20
MERGED from [com.google.android.gms:play-services-basement:16.2.0] AndroidManifest.xml:22:5-26:19
MERGED from [com.google.android.gms:play-services-basement:16.2.0] AndroidManifest.xml:22:5-26:19
MERGED from [com.android.volley:volley:1.1.1] AndroidManifest.xml:9:5-20
MERGED from [com.android.volley:volley:1.1.1] AndroidManifest.xml:9:5-20
MERGED from [com.squareup.picasso:picasso:2.71828] AndroidManifest.xml:7:5-12:19
MERGED from [com.squareup.picasso:picasso:2.71828] AndroidManifest.xml:7:5-12:19
MERGED from [com.nabinbhandari.android:permissions:3.8] AndroidManifest.xml:11:5-15:19
MERGED from [com.nabinbhandari.android:permissions:3.8] AndroidManifest.xml:11:5-15:19
MERGED from [android.arch.lifecycle:extensions:1.1.1] AndroidManifest.xml:22:5-28:19
MERGED from [android.arch.lifecycle:extensions:1.1.1] AndroidManifest.xml:22:5-28:19
MERGED from [com.facebook.android:facebook-places:4.40.0] AndroidManifest.xml:28:5-29:19
MERGED from [com.facebook.android:facebook-places:4.40.0] AndroidManifest.xml:28:5-29:19
MERGED from [com.facebook.android:facebook-applinks:4.40.0] AndroidManifest.xml:28:5-29:19
MERGED from [com.facebook.android:facebook-applinks:4.40.0] AndroidManifest.xml:28:5-29:19
MERGED from [com.facebook.android:facebook-messenger:4.40.0] AndroidManifest.xml:28:5-29:19
MERGED from [com.facebook.android:facebook-messenger:4.40.0] AndroidManifest.xml:28:5-29:19
MERGED from [com.facebook.android:facebook-marketing:4.40.0] AndroidManifest.xml:28:5-33:19
MERGED from [com.facebook.android:facebook-marketing:4.40.0] AndroidManifest.xml:28:5-33:19
MERGED from [com.facebook.android:facebook-core:4.40.0] AndroidManifest.xml:28:5-51:19
MERGED from [com.facebook.android:facebook-core:4.40.0] AndroidManifest.xml:28:5-51:19
MERGED from [com.android.support:support-compat:28.0.0] AndroidManifest.xml:22:5-94
MERGED from [com.android.support:support-compat:28.0.0] AndroidManifest.xml:22:5-94
MERGED from [com.android.support:versionedparcelable:28.0.0] AndroidManifest.xml:22:5-23:19
MERGED from [com.android.support:versionedparcelable:28.0.0] AndroidManifest.xml:22:5-23:19
MERGED from [com.github.bumptech.glide:glide:4.3.1] AndroidManifest.xml:10:5-20
MERGED from [com.github.bumptech.glide:glide:4.3.1] AndroidManifest.xml:10:5-20
	android:appComponentFactory
		ADDED from [com.android.support:support-compat:28.0.0] AndroidManifest.xml:22:18-91
	android:supportsRtl
		ADDED from src\main\AndroidManifest.xml:24:9-35
	android:label
		ADDED from src\main\AndroidManifest.xml:22:9-41
	android:roundIcon
		ADDED from src\main\AndroidManifest.xml:23:9-54
	android:icon
		ADDED from src\main\AndroidManifest.xml:21:9-38
	android:allowBackup
		ADDED from src\main\AndroidManifest.xml:20:9-35
	android:theme
		ADDED from src\main\AndroidManifest.xml:25:9-40
	android:name
		ADDED from src\main\AndroidManifest.xml:19:9-38
activity#com.sytiqhub.tinga.CartActivity
ADDED from src\main\AndroidManifest.xml:27:9-30:58
	android:label
		ADDED from src\main\AndroidManifest.xml:29:13-56
	android:theme
		ADDED from src\main\AndroidManifest.xml:30:13-56
	android:name
		ADDED from src\main\AndroidManifest.xml:28:13-41
activity#com.sytiqhub.tinga.OrderDetailsActivity
ADDED from src\main\AndroidManifest.xml:31:9-34:59
	android:label
		ADDED from src\main\AndroidManifest.xml:33:13-65
	android:theme
		ADDED from src\main\AndroidManifest.xml:34:13-56
	android:name
		ADDED from src\main\AndroidManifest.xml:32:13-49
activity#com.sytiqhub.tinga.FoodDescriptionActivity
ADDED from src\main\AndroidManifest.xml:35:9-38:69
	android:label
		ADDED from src\main\AndroidManifest.xml:37:13-29
	android:theme
		ADDED from src\main\AndroidManifest.xml:38:13-67
	android:name
		ADDED from src\main\AndroidManifest.xml:36:13-52
activity#com.sytiqhub.tinga.activities.SplashActivity
ADDED from src\main\AndroidManifest.xml:39:9-48:20
	android:label
		ADDED from src\main\AndroidManifest.xml:41:13-45
	android:theme
		ADDED from src\main\AndroidManifest.xml:42:13-56
	android:name
		ADDED from src\main\AndroidManifest.xml:40:13-54
intent-filter#action:name:android.intent.action.MAIN+category:name:android.intent.category.LAUNCHER
ADDED from src\main\AndroidManifest.xml:43:13-47:29
action#android.intent.action.MAIN
ADDED from src\main\AndroidManifest.xml:44:17-69
	android:name
		ADDED from src\main\AndroidManifest.xml:44:25-66
category#android.intent.category.LAUNCHER
ADDED from src\main\AndroidManifest.xml:46:17-77
	android:name
		ADDED from src\main\AndroidManifest.xml:46:27-74
activity#com.sytiqhub.tinga.FoodItemsActivity
ADDED from src\main\AndroidManifest.xml:50:9-58:20
	android:parentActivityName
		ADDED from src\main\AndroidManifest.xml:53:13-55
	android:label
		ADDED from src\main\AndroidManifest.xml:52:13-62
	android:theme
		ADDED from src\main\AndroidManifest.xml:54:13-67
	android:name
		ADDED from src\main\AndroidManifest.xml:51:13-46
meta-data#android.support.PARENT_ACTIVITY
ADDED from src\main\AndroidManifest.xml:55:13-57:67
	android:value
		ADDED from src\main\AndroidManifest.xml:57:17-64
	android:name
		ADDED from src\main\AndroidManifest.xml:56:17-63
activity#com.sytiqhub.tinga.HomeActivity
ADDED from src\main\AndroidManifest.xml:59:9-62:59
	android:label
		ADDED from src\main\AndroidManifest.xml:61:13-66
	android:theme
		ADDED from src\main\AndroidManifest.xml:62:13-56
	android:name
		ADDED from src\main\AndroidManifest.xml:60:13-41
activity#com.sytiqhub.tinga.auth.PhoneAuth
ADDED from src\main\AndroidManifest.xml:63:9-65:59
	android:theme
		ADDED from src\main\AndroidManifest.xml:65:13-56
	android:name
		ADDED from src\main\AndroidManifest.xml:64:13-43
activity#com.sytiqhub.tinga.HomeActivity1
ADDED from src\main\AndroidManifest.xml:66:9-69:59
	android:label
		ADDED from src\main\AndroidManifest.xml:68:13-56
	android:theme
		ADDED from src\main\AndroidManifest.xml:69:13-56
	android:name
		ADDED from src\main\AndroidManifest.xml:67:13-42
activity#com.sytiqhub.tinga.auth.ProfileFillActivity
ADDED from src\main\AndroidManifest.xml:70:9-73:47
	android:label
		ADDED from src\main\AndroidManifest.xml:72:13-46
	android:theme
		ADDED from src\main\AndroidManifest.xml:73:13-44
	android:name
		ADDED from src\main\AndroidManifest.xml:71:13-53
activity#com.sytiqhub.tinga.auth.MainActivity
ADDED from src\main\AndroidManifest.xml:74:9-76:59
	android:theme
		ADDED from src\main\AndroidManifest.xml:76:13-56
	android:name
		ADDED from src\main\AndroidManifest.xml:75:13-46
meta-data#com.facebook.sdk.ApplicationId
ADDED from src\main\AndroidManifest.xml:95:9-97:63
MERGED from [com.firebaseui:firebase-ui-auth:4.1.0] AndroidManifest.xml:19:9-21:63
MERGED from [com.firebaseui:firebase-ui-auth:4.1.0] AndroidManifest.xml:19:9-21:63
	android:value
		ADDED from src\main\AndroidManifest.xml:97:13-60
	android:name
		ADDED from src\main\AndroidManifest.xml:96:13-58
meta-data#preloaded_fonts
ADDED from src\main\AndroidManifest.xml:98:9-100:57
	android:resource
		ADDED from src\main\AndroidManifest.xml:100:13-54
	android:name
		ADDED from src\main\AndroidManifest.xml:99:13-43
meta-data#com.google.android.geo.API_KEY
ADDED from src\main\AndroidManifest.xml:101:9-103:61
	android:value
		ADDED from src\main\AndroidManifest.xml:103:13-58
	android:name
		ADDED from src\main\AndroidManifest.xml:102:13-58
meta-data#com.google.android.gms.version
ADDED from src\main\AndroidManifest.xml:104:9-106:69
MERGED from [com.firebaseui:firebase-ui-auth:4.1.0] AndroidManifest.xml:16:9-18:69
MERGED from [com.firebaseui:firebase-ui-auth:4.1.0] AndroidManifest.xml:16:9-18:69
MERGED from [com.google.android.gms:play-services-basement:16.2.0] AndroidManifest.xml:23:9-25:69
MERGED from [com.google.android.gms:play-services-basement:16.2.0] AndroidManifest.xml:23:9-25:69
	android:value
		ADDED from src\main\AndroidManifest.xml:106:13-66
	android:name
		ADDED from src\main\AndroidManifest.xml:105:13-58
activity#com.facebook.FacebookActivity
ADDED from src\main\AndroidManifest.xml:108:9-111:48
MERGED from [com.firebaseui:firebase-ui-auth:4.1.0] AndroidManifest.xml:88:9-92:48
MERGED from [com.firebaseui:firebase-ui-auth:4.1.0] AndroidManifest.xml:88:9-92:48
MERGED from [com.facebook.android:facebook-common:4.40.0] AndroidManifest.xml:29:9-32:66
MERGED from [com.facebook.android:facebook-common:4.40.0] AndroidManifest.xml:29:9-32:66
	android:label
		ADDED from src\main\AndroidManifest.xml:111:13-45
	tools:ignore
		ADDED from [com.firebaseui:firebase-ui-auth:4.1.0] AndroidManifest.xml:92:13-45
	android:configChanges
		ADDED from src\main\AndroidManifest.xml:110:13-96
	android:theme
		ADDED from [com.facebook.android:facebook-common:4.40.0] AndroidManifest.xml:32:13-63
	android:name
		ADDED from src\main\AndroidManifest.xml:109:13-57
activity#com.facebook.CustomTabActivity
ADDED from src\main\AndroidManifest.xml:112:9-123:20
MERGED from [com.firebaseui:firebase-ui-auth:4.1.0] AndroidManifest.xml:93:9-105:20
MERGED from [com.firebaseui:firebase-ui-auth:4.1.0] AndroidManifest.xml:93:9-105:20
MERGED from [com.facebook.android:facebook-common:4.40.0] AndroidManifest.xml:34:9-67
MERGED from [com.facebook.android:facebook-common:4.40.0] AndroidManifest.xml:34:9-67
	android:exported
		ADDED from src\main\AndroidManifest.xml:114:13-36
	tools:ignore
		ADDED from [com.firebaseui:firebase-ui-auth:4.1.0] AndroidManifest.xml:96:13-45
	android:name
		ADDED from src\main\AndroidManifest.xml:113:13-58
intent-filter#action:name:android.intent.action.VIEW+category:name:android.intent.category.BROWSABLE+category:name:android.intent.category.DEFAULT+data:scheme:@string/facebook_login_protocol_scheme
ADDED from src\main\AndroidManifest.xml:115:13-122:29
action#android.intent.action.VIEW
ADDED from src\main\AndroidManifest.xml:116:17-69
	android:name
		ADDED from src\main\AndroidManifest.xml:116:25-66
category#android.intent.category.DEFAULT
ADDED from src\main\AndroidManifest.xml:118:17-76
	android:name
		ADDED from src\main\AndroidManifest.xml:118:27-73
category#android.intent.category.BROWSABLE
ADDED from src\main\AndroidManifest.xml:119:17-78
	android:name
		ADDED from src\main\AndroidManifest.xml:119:27-75
data
ADDED from src\main\AndroidManifest.xml:121:17-81
	android:scheme
		ADDED from src\main\AndroidManifest.xml:121:23-78
uses-sdk
INJECTED from src\main\AndroidManifest.xml reason: use-sdk injection requested
INJECTED from src\main\AndroidManifest.xml
INJECTED from src\main\AndroidManifest.xml
MERGED from [com.firebaseui:firebase-ui-auth:4.1.0] AndroidManifest.xml:8:5-10:41
MERGED from [com.firebaseui:firebase-ui-auth:4.1.0] AndroidManifest.xml:8:5-10:41
MERGED from [com.android.support:design:28.0.0] AndroidManifest.xml:20:5-44
MERGED from [com.android.support:design:28.0.0] AndroidManifest.xml:20:5-44
MERGED from [com.google.android.libraries.places:places:1.1.0] AndroidManifest.xml:7:5-44
MERGED from [com.google.android.libraries.places:places:1.1.0] AndroidManifest.xml:7:5-44
MERGED from [me.zhanghai.android.materialprogressbar:library:1.4.2] AndroidManifest.xml:12:5-14:41
MERGED from [me.zhanghai.android.materialprogressbar:library:1.4.2] AndroidManifest.xml:12:5-14:41
MERGED from [com.facebook.android:facebook-android-sdk:4.40.0] AndroidManifest.xml:24:5-26:41
MERGED from [com.facebook.android:facebook-android-sdk:4.40.0] AndroidManifest.xml:24:5-26:41
MERGED from [com.facebook.android:facebook-login:4.40.0] AndroidManifest.xml:24:5-26:41
MERGED from [com.facebook.android:facebook-login:4.40.0] AndroidManifest.xml:24:5-26:41
MERGED from [com.facebook.android:facebook-share:4.40.0] AndroidManifest.xml:24:5-26:41
MERGED from [com.facebook.android:facebook-share:4.40.0] AndroidManifest.xml:24:5-26:41
MERGED from [com.facebook.android:facebook-common:4.40.0] AndroidManifest.xml:24:5-26:41
MERGED from [com.facebook.android:facebook-common:4.40.0] AndroidManifest.xml:24:5-26:41
MERGED from [com.android.support:appcompat-v7:28.0.0] AndroidManifest.xml:20:5-44
MERGED from [com.android.support:appcompat-v7:28.0.0] AndroidManifest.xml:20:5-44
MERGED from [com.android.support.constraint:constraint-layout:1.1.3] AndroidManifest.xml:5:5-7:41
MERGED from [com.android.support.constraint:constraint-layout:1.1.3] AndroidManifest.xml:5:5-7:41
MERGED from [com.android.support:animated-vector-drawable:28.0.0] AndroidManifest.xml:20:5-44
MERGED from [com.android.support:animated-vector-drawable:28.0.0] AndroidManifest.xml:20:5-44
MERGED from [com.android.support:support-vector-drawable:28.0.0] AndroidManifest.xml:20:5-44
MERGED from [com.android.support:support-vector-drawable:28.0.0] AndroidManifest.xml:20:5-44
MERGED from [com.google.firebase:firebase-auth:16.2.0] AndroidManifest.xml:21:5-44
MERGED from [com.google.firebase:firebase-auth:16.2.0] AndroidManifest.xml:21:5-44
MERGED from [com.google.android.gms:play-services-auth:16.0.1] AndroidManifest.xml:20:5-44
MERGED from [com.google.android.gms:play-services-auth:16.0.1] AndroidManifest.xml:20:5-44
MERGED from [com.google.firebase:firebase-database:16.1.0] AndroidManifest.xml:19:5-21:41
MERGED from [com.google.firebase:firebase-database:16.1.0] AndroidManifest.xml:19:5-21:41
MERGED from [com.google.firebase:firebase-config:16.4.1] AndroidManifest.xml:5:5-44
MERGED from [com.google.firebase:firebase-config:16.4.1] AndroidManifest.xml:5:5-44
MERGED from [com.google.android.gms:play-services-flags:16.0.1] AndroidManifest.xml:20:5-44
MERGED from [com.google.android.gms:play-services-flags:16.0.1] AndroidManifest.xml:20:5-44
MERGED from [com.google.firebase:firebase-auth-interop:16.0.1] AndroidManifest.xml:5:5-44
MERGED from [com.google.firebase:firebase-auth-interop:16.0.1] AndroidManifest.xml:5:5-44
MERGED from [com.google.android.gms:play-services-auth-api-phone:16.0.0] AndroidManifest.xml:5:5-44
MERGED from [com.google.android.gms:play-services-auth-api-phone:16.0.0] AndroidManifest.xml:5:5-44
MERGED from [com.google.android.gms:play-services-auth-base:16.0.0] AndroidManifest.xml:5:5-44
MERGED from [com.google.android.gms:play-services-auth-base:16.0.0] AndroidManifest.xml:5:5-44
MERGED from [com.google.firebase:firebase-abt:17.1.0] AndroidManifest.xml:5:5-44
MERGED from [com.google.firebase:firebase-abt:17.1.0] AndroidManifest.xml:5:5-44
MERGED from [com.google.firebase:firebase-iid:17.0.3] AndroidManifest.xml:20:5-44
MERGED from [com.google.firebase:firebase-iid:17.0.3] AndroidManifest.xml:20:5-44
MERGED from [com.google.firebase:firebase-common:16.1.0] AndroidManifest.xml:6:5-8:41
MERGED from [com.google.firebase:firebase-common:16.1.0] AndroidManifest.xml:6:5-8:41